<?xml version="1.0" encoding="UTF-8"?>
<testng-results skipped="0" failed="0" total="1" passed="1">
  <reporter-output>
  </reporter-output>
  <suite name="Default suite" duration-ms="21470" started-at="2016-09-06T12:52:11Z" finished-at="2016-09-06T12:52:33Z">
    <groups>
    </groups>
    <test name="Default test" duration-ms="21470" started-at="2016-09-06T12:52:11Z" finished-at="2016-09-06T12:52:33Z">
      <class name="jenkins.TestM_J">
        <test-method status="PASS" signature="TestMaven()[pri:0, instance:jenkins.TestM_J@11531931]" name="TestMaven" duration-ms="21430" started-at="2016-09-06T18:22:11Z" finished-at="2016-09-06T18:22:33Z">
          <reporter-output>
          </reporter-output>
        </test-method> <!-- TestMaven -->
      </class> <!-- jenkins.TestM_J -->
    </test> <!-- Default test -->
  </suite> <!-- Default suite -->
</testng-results>
